c:\users\laure\desktop\assault_cube\assault_cube_internal\acinternal\acinternal\debug\acinternal.pch
c:\users\laure\desktop\assault_cube\assault_cube_internal\acinternal\acinternal\debug\vc143.pdb
c:\users\laure\desktop\assault_cube\assault_cube_internal\acinternal\acinternal\debug\vc143.idb
c:\users\laure\desktop\assault_cube\assault_cube_internal\acinternal\acinternal\debug\pch.obj
c:\users\laure\desktop\assault_cube\assault_cube_internal\acinternal\acinternal\debug\mem.obj
c:\users\laure\desktop\assault_cube\assault_cube_internal\acinternal\acinternal\debug\hook.obj
c:\users\laure\desktop\assault_cube\assault_cube_internal\acinternal\acinternal\debug\dllmain.obj
c:\users\laure\desktop\assault_cube\assault_cube_internal\acinternal\acinternal\debug\imgui_widgets.obj
c:\users\laure\desktop\assault_cube\assault_cube_internal\acinternal\acinternal\debug\imgui_tables.obj
c:\users\laure\desktop\assault_cube\assault_cube_internal\acinternal\acinternal\debug\imgui_impl_win32.obj
c:\users\laure\desktop\assault_cube\assault_cube_internal\acinternal\acinternal\debug\imgui_impl_opengl2.obj
c:\users\laure\desktop\assault_cube\assault_cube_internal\acinternal\acinternal\debug\imgui_draw.obj
c:\users\laure\desktop\assault_cube\assault_cube_internal\acinternal\acinternal\debug\imgui_demo.obj
c:\users\laure\desktop\assault_cube\assault_cube_internal\acinternal\acinternal\debug\imgui.obj
c:\users\laure\desktop\assault_cube\assault_cube_internal\acinternal\acinternal\debug\hack.obj
c:\users\laure\desktop\assault_cube\assault_cube_internal\acinternal\acinternal\debug\menu.obj
c:\users\laure\desktop\assault_cube\assault_cube_internal\acinternal\debug\acinternal.dll
c:\users\laure\desktop\assault_cube\assault_cube_internal\acinternal\debug\acinternal.pdb
c:\users\laure\desktop\assault_cube\assault_cube_internal\acinternal\acinternal\debug\acinternal.ilk
c:\users\laure\desktop\assault_cube\assault_cube_internal\acinternal\acinternal\debug\hack.obj.enc
c:\users\laure\desktop\assault_cube\assault_cube_internal\acinternal\acinternal\debug\acinternal.tlog\cl.command.1.tlog
c:\users\laure\desktop\assault_cube\assault_cube_internal\acinternal\acinternal\debug\acinternal.tlog\cl.items.tlog
c:\users\laure\desktop\assault_cube\assault_cube_internal\acinternal\acinternal\debug\acinternal.tlog\cl.read.1.tlog
c:\users\laure\desktop\assault_cube\assault_cube_internal\acinternal\acinternal\debug\acinternal.tlog\cl.write.1.tlog
c:\users\laure\desktop\assault_cube\assault_cube_internal\acinternal\acinternal\debug\acinternal.tlog\link.command.1.tlog
c:\users\laure\desktop\assault_cube\assault_cube_internal\acinternal\acinternal\debug\acinternal.tlog\link.read.1.tlog
c:\users\laure\desktop\assault_cube\assault_cube_internal\acinternal\acinternal\debug\acinternal.tlog\link.secondary.1.tlog
c:\users\laure\desktop\assault_cube\assault_cube_internal\acinternal\acinternal\debug\acinternal.tlog\link.write.1.tlog
